0 info it worked if it ends with ok
1 verbose cli [ '/usr/local/bin/node',
1 verbose cli   '/usr/local/bin/npm',
1 verbose cli   'install',
1 verbose cli   '-g',
1 verbose cli   'sails' ]
2 info using npm@2.11.3
3 info using node@v0.13.0-pre
4 verbose install initial load of /root/npm-global/lib/package.json
5 verbose readDependencies loading dependencies from /root/npm-global/lib/package.json
6 silly cache add args [ 'sails', null ]
7 verbose cache add spec sails
8 silly cache add parsed spec { raw: 'sails',
8 silly cache add   scope: null,
8 silly cache add   name: 'sails',
8 silly cache add   rawSpec: '',
8 silly cache add   spec: '*',
8 silly cache add   type: 'range' }
9 silly addNamed sails@*
10 verbose addNamed "*" is a valid semver range for sails
11 silly addNameRange { name: 'sails', range: '*', hasData: false }
12 silly mapToRegistry name sails
13 silly mapToRegistry using default registry
14 silly mapToRegistry registry https://registry.npmjs.org/
15 silly mapToRegistry uri https://registry.npmjs.org/sails
16 verbose addNameRange registry:https://registry.npmjs.org/sails not in flight; fetching
17 verbose request uri https://registry.npmjs.org/sails
18 verbose request no auth needed
19 info attempt registry request try #1 at 22:17:43
20 verbose request id cc82e615afc19f8e
21 verbose etag "9N9H3K2KF05T5D4YMPHD629M"
22 http request GET https://registry.npmjs.org/sails
23 http 304 https://registry.npmjs.org/sails
24 silly get cb [ 304,
24 silly get   { date: 'Sun, 02 Aug 2015 02:17:43 GMT',
24 silly get     via: '1.1 varnish',
24 silly get     'cache-control': 'max-age=60',
24 silly get     etag: '"9N9H3K2KF05T5D4YMPHD629M"',
24 silly get     age: '0',
24 silly get     connection: 'keep-alive',
24 silly get     'x-served-by': 'cache-iad2121-IAD',
24 silly get     'x-cache': 'HIT',
24 silly get     'x-cache-hits': '1',
24 silly get     'x-timer': 'S1438481863.994540,VS0,VE58',
24 silly get     vary: 'Accept' } ]
25 verbose etag https://registry.npmjs.org/sails from cache
26 verbose get saving sails to /root/.npm/registry.npmjs.org/sails/.cache.json
27 silly addNameRange number 2 { name: 'sails', range: '*', hasData: true }
28 silly addNameRange versions [ 'sails',
28 silly addNameRange   [ '0.0.0',
28 silly addNameRange     '0.0.0-2',
28 silly addNameRange     '0.7.0',
28 silly addNameRange     '0.7.0-2',
28 silly addNameRange     '0.7.0-3',
28 silly addNameRange     '0.7.0-4',
28 silly addNameRange     '0.7.0-5',
28 silly addNameRange     '0.0.0-1',
28 silly addNameRange     '0.7.0-6',
28 silly addNameRange     '0.7.0-7',
28 silly addNameRange     '0.7.0-8',
28 silly addNameRange     '0.7.1',
28 silly addNameRange     '0.7.2',
28 silly addNameRange     '0.7.3',
28 silly addNameRange     '0.7.4',
28 silly addNameRange     '0.7.4-1',
28 silly addNameRange     '0.7.5-0',
28 silly addNameRange     '0.7.6-0',
28 silly addNameRange     '0.7.7',
28 silly addNameRange     '0.7.8',
28 silly addNameRange     '0.7.9',
28 silly addNameRange     '0.8.0',
28 silly addNameRange     '0.8.1',
28 silly addNameRange     '0.8.2',
28 silly addNameRange     '0.8.3',
28 silly addNameRange     '0.8.4',
28 silly addNameRange     '0.8.5',
28 silly addNameRange     '0.8.6',
28 silly addNameRange     '0.8.7',
28 silly addNameRange     '0.8.71',
28 silly addNameRange     '0.8.72',
28 silly addNameRange     '0.8.73',
28 silly addNameRange     '0.8.74',
28 silly addNameRange     '0.8.75',
28 silly addNameRange     '0.8.76',
28 silly addNameRange     '0.8.77',
28 silly addNameRange     '0.8.78',
28 silly addNameRange     '0.8.79',
28 silly addNameRange     '0.8.80',
28 silly addNameRange     '0.8.81',
28 silly addNameRange     '0.8.82',
28 silly addNameRange     '0.8.83',
28 silly addNameRange     '0.8.84',
28 silly addNameRange     '0.8.85',
28 silly addNameRange     '0.8.86',
28 silly addNameRange     '0.8.87',
28 silly addNameRange     '0.8.88',
28 silly addNameRange     '0.8.89',
28 silly addNameRange     '0.8.89-1',
28 silly addNameRange     '0.8.892',
28 silly addNameRange     '0.8.894',
28 silly addNameRange     '0.8.895',
28 silly addNameRange     '0.8.9',
28 silly addNameRange     '0.8.91',
28 silly addNameRange     '0.8.92',
28 silly addNameRange     '0.8.93',
28 silly addNameRange     '0.8.94',
28 silly addNameRange     '0.9.0',
28 silly addNameRange     '0.9.1',
28 silly addNameRange     '0.9.2',
28 silly addNameRange     '0.9.3',
28 silly addNameRange     '0.9.4',
28 silly addNameRange     '0.9.5',
28 silly addNameRange     '0.9.7',
28 silly addNameRange     '0.9.8',
28 silly addNameRange     '0.9.9',
28 silly addNameRange     '0.10.0-rc1',
28 silly addNameRange     '0.10.0-rc2',
28 silly addNameRange     '0.10.0-rc3',
28 silly addNameRange     '0.9.11',
28 silly addNameRange     '0.10.0-rc4',
28 silly addNameRange     '0.9.12',
28 silly addNameRange     '0.9.13',
28 silly addNameRange     '0.9.15',
28 silly addNameRange     '0.9.16',
28 silly addNameRange     '0.10.0-rc5',
28 silly addNameRange     '0.10.0-rc6',
28 silly addNameRange     '0.10.0-rc7',
28 silly addNameRange     '0.10.0-rc8',
28 silly addNameRange     '0.9.17',
28 silly addNameRange     '0.10.0-rc9',
28 silly addNameRange     '0.10.0-max',
28 silly addNameRange     '0.10.0-rc10',
28 silly addNameRange     '0.10.0-rc11',
28 silly addNameRange     '0.10.1',
28 silly addNameRange     '0.10.2',
28 silly addNameRange     '0.10.3',
28 silly addNameRange     '0.10.4',
28 silly addNameRange     '0.10.5',
28 silly addNameRange     '0.11.0-rc2',
28 silly addNameRange     '0.11.0-rc3',
28 silly addNameRange     '0.11.0-rc4',
28 silly addNameRange     '0.11.0-rc5',
28 silly addNameRange     '0.11.0-rc6',
28 silly addNameRange     '0.11.0-rc7',
28 silly addNameRange     '0.11.0-rc8',
28 silly addNameRange     '0.11.0-rc9',
28 silly addNameRange     '0.11.0-rc10',
28 silly addNameRange     '0.11.0',
28 silly addNameRange     '0.11.1',
28 silly addNameRange     '0.11.1-rc1',
28 silly addNameRange     '0.12.0-rc1',
28 silly addNameRange     '0.12.0-rc2',
28 silly addNameRange     '0.12.0-rc3' ] ]
29 silly addNamed sails@0.11.0
30 verbose addNamed "0.11.0" is a plain semver version for sails
31 silly cache afterAdd sails@0.11.0
32 verbose afterAdd /root/.npm/sails/0.11.0/package/package.json not in flight; writing
33 verbose afterAdd /root/.npm/sails/0.11.0/package/package.json written
34 silly install resolved [ { name: 'sails',
34 silly install resolved     author: { name: 'Mike McNeil', email: '@mikermcneil' },
34 silly install resolved     version: '0.11.0',
34 silly install resolved     description: 'API-driven framework for building realtime apps, using MVC conventions (based on Express and Socket.io)',
34 silly install resolved     homepage: 'http://sailsjs.org',
34 silly install resolved     keywords:
34 silly install resolved      [ 'mvc',
34 silly install resolved        'web-framework',
34 silly install resolved        'express',
34 silly install resolved        'sails',
34 silly install resolved        'sailsjs',
34 silly install resolved        'sails.js',
34 silly install resolved        'REST',
34 silly install resolved        'API',
34 silly install resolved        'orm',
34 silly install resolved        'socket.io' ],
34 silly install resolved     main: './lib/index.js',
34 silly install resolved     bin: { sails: './bin/sails.js' },
34 silly install resolved     scripts:
34 silly install resolved      { test: 'mocha -b',
34 silly install resolved        prepublish: 'npm prune',
34 silly install resolved        preinstall: 'node ./lib/preinstall_npmcheck.js' },
34 silly install resolved     directories: { lib: 'lib' },
34 silly install resolved     dependencies:
34 silly install resolved      { anchor: '~0.10.0',
34 silly install resolved        async: '~0.9.0',
34 silly install resolved        'captains-log': '~0.11.8',
34 silly install resolved        colors: '~0.6.2',
34 silly install resolved        commander: '~2.1.0',
34 silly install resolved        'connect-flash': '~0.1.1',
34 silly install resolved        cookie: '0.1.2',
34 silly install resolved        'cookie-signature': '1.0.4',
34 silly install resolved        ejs: '~0.8.4',
34 silly install resolved        'ejs-locals': '~1.0.2',
34 silly install resolved        express: '3.16.0',
34 silly install resolved        'express-handlebars': '~1.0.1',
34 silly install resolved        'fs-extra': '~0.8.1',
34 silly install resolved        glob: '~3.2.9',
34 silly install resolved        grunt: '0.4.2',
34 silly install resolved        'grunt-cli': '~0.1.11',
34 silly install resolved        'grunt-contrib-clean': '~0.5.0',
34 silly install resolved        'grunt-contrib-coffee': '~0.10.1',
34 silly install resolved        'grunt-contrib-concat': '~0.3.0',
34 silly install resolved        'grunt-contrib-copy': '~0.5.0',
34 silly install resolved        'grunt-contrib-cssmin': '~0.9.0',
34 silly install resolved        'grunt-contrib-jst': '~0.6.0',
34 silly install resolved        'grunt-contrib-less': '0.11.1',
34 silly install resolved        'grunt-contrib-uglify': '~0.4.0',
34 silly install resolved        'grunt-contrib-watch': '~0.5.3',
34 silly install resolved        'grunt-sails-linker': '~0.9.5',
34 silly install resolved        'grunt-sync': '~0.0.4',
34 silly install resolved        i18n: '~0.5.0',
34 silly install resolved        'include-all': '~0.1.3',
34 silly install resolved        lodash: '~2.4.1',
34 silly install resolved        'merge-defaults': '~0.1.0',
34 silly install resolved        'method-override': '~2.3.0',
34 silly install resolved        'mock-req': '0.1.0',
34 silly install resolved        'mock-res': '0.1.0',
34 silly install resolved        'node-uuid': '~1.4.0',
34 silly install resolved        pluralize: '~0.0.5',
34 silly install resolved        prompt: '~0.2.13',
34 silly install resolved        rc: '~0.5.0',
34 silly install resolved        reportback: '~0.1.4',
34 silly install resolved        'sails-build-dictionary': '~0.10.1',
34 silly install resolved        'sails-disk': '~0.10.0',
34 silly install resolved        'sails-generate': '~0.12.0',
34 silly install resolved        'sails-hook-sockets': '^0.11.13',
34 silly install resolved        'sails-stringfile': '~0.3.0',
34 silly install resolved        'sails-util': '~0.10.3',
34 silly install resolved        semver: '~2.2.1',
34 silly install resolved        skipper: '~0.5.5',
34 silly install resolved        'uid-safe': '^1.0.1',
34 silly install resolved        waterline: '~0.10.17' },
34 silly install resolved     devDependencies:
34 silly install resolved      { 'root-require': '~0.2.0',
34 silly install resolved        checksum: '~0.1.1',
34 silly install resolved        request: '*',
34 silly install resolved        istanbul: '*',
34 silly install resolved        wrench: '~1.5.1',
34 silly install resolved        benchmark: '~1.0.0',
34 silly install resolved        microtime: '~0.6.0',
34 silly install resolved        colors: '~0.6.2',
34 silly install resolved        'expect.js': '~0.2.0',
34 silly install resolved        should: '~2.1.1',
34 silly install resolved        supertest: '~0.8.2',
34 silly install resolved        mocha: '~1.17.1',
34 silly install resolved        portfinder: '~0.2.1',
34 silly install resolved        'coffee-script': '~1.7.1',
34 silly install resolved        'socket.io-client': '^1.2.1' },
34 silly install resolved     repository: { type: 'git', url: 'git://github.com/balderdashy/sails.git' },
34 silly install resolved     licenses: [ [Object] ],
34 silly install resolved     bugs: { url: 'http://github.com/balderdashy/sails/issues' },
34 silly install resolved     engines: { node: '>= 0.10.0', npm: '>= 1.4.0' },
34 silly install resolved     _id: 'sails@0.11.0',
34 silly install resolved     dist:
34 silly install resolved      { shasum: '3c106b2a66f55c72ad31edaa1b83fdad78e4938c',
34 silly install resolved        tarball: 'http://registry.npmjs.org/sails/-/sails-0.11.0.tgz' },
34 silly install resolved     _from: 'sails@*',
34 silly install resolved     _npmVersion: '1.4.3',
34 silly install resolved     _npmUser: { name: 'mikermcneil', email: 'michael.r.mcneil@gmail.com' },
34 silly install resolved     maintainers: [ [Object], [Object], [Object], [Object] ],
34 silly install resolved     _shasum: '3c106b2a66f55c72ad31edaa1b83fdad78e4938c',
34 silly install resolved     _resolved: 'https://registry.npmjs.org/sails/-/sails-0.11.0.tgz',
34 silly install resolved     readme: 'ERROR: No README data found!' } ]
35 info install sails@0.11.0 into /root/npm-global/lib
36 info installOne sails@0.11.0
37 verbose installOne of sails to /root/npm-global/lib not in flight; installing
38 verbose lock using /root/.npm/_locks/sails-208436ff1334f658.lock for /root/npm-global/lib/node_modules/sails
39 warn engine sails@0.11.0: wanted: {"node":">= 0.10.0","npm":">= 1.4.0"} (current: {"node":"0.13.0-pre","npm":"2.11.3"})
40 silly install write writing sails 0.11.0 to /root/npm-global/lib/node_modules/sails
41 verbose unbuild lib/node_modules/sails
42 silly gentlyRm /root/npm-global/lib/node_modules/sails is being purged from base /root/npm-global
43 verbose gentlyRm don't care about contents; nuking /root/npm-global/lib/node_modules/sails
44 verbose tar unpack /root/.npm/sails/0.11.0/package.tgz
45 verbose tar unpacking to /root/npm-global/lib/node_modules/sails
46 silly gentlyRm /root/npm-global/lib/node_modules/sails is being purged
47 verbose gentlyRm don't care about contents; nuking /root/npm-global/lib/node_modules/sails
48 silly gunzTarPerm modes [ '755', '644' ]
49 silly gunzTarPerm extractEntry package.json
50 silly gunzTarPerm extractEntry .npmignore
51 silly gunzTarPerm extractEntry README.md
52 silly gunzTarPerm extractEntry .npmrc
53 silly gunzTarPerm extractEntry .travis.yml
54 silly gunzTarPerm extractEntry bin/_commander.js
55 silly gunzTarPerm extractEntry bin/sails-configure.js
56 silly gunzTarPerm extractEntry bin/sails-console.js
57 silly gunzTarPerm extractEntry bin/sails-debug.js
58 silly gunzTarPerm extractEntry bin/sails-generate.js
59 silly gunzTarPerm extractEntry bin/sails-lift.js
60 silly gunzTarPerm extractEntry bin/sails-new.js
61 silly gunzTarPerm extractEntry bin/sails-www.js
62 silly gunzTarPerm extractEntry bin/sails.js
63 silly gunzTarPerm extractEntry errors/README.md
64 silly gunzTarPerm extractEntry errors/fatal.js
65 silly gunzTarPerm extractEntry errors/index.js
66 silly gunzTarPerm extractEntry errors/warn.js
67 silly gunzTarPerm extractEntry lib/README.md
68 silly gunzTarPerm extractEntry lib/index.js
69 silly gunzTarPerm extractEntry lib/preinstall_npmcheck.js
70 silly gunzTarPerm extractEntry lib/app/README.md
71 silly gunzTarPerm extractEntry lib/app/Sails.js
72 silly gunzTarPerm extractEntry lib/app/getBaseurl.js
73 silly gunzTarPerm extractEntry lib/app/index.js
74 silly gunzTarPerm extractEntry lib/app/lift.js
75 silly gunzTarPerm extractEntry lib/app/load.js
76 silly gunzTarPerm extractEntry lib/app/lower.js
77 silly gunzTarPerm extractEntry lib/app/request.js
78 silly gunzTarPerm extractEntry lib/app/configuration/default-hooks.js
79 silly gunzTarPerm extractEntry lib/app/configuration/index.js
80 silly gunzTarPerm extractEntry lib/app/configuration/load.js
81 silly gunzTarPerm extractEntry lib/app/configuration/rc.js
82 silly gunzTarPerm extractEntry lib/app/private/after.js
83 silly gunzTarPerm extractEntry lib/app/private/exposeGlobals.js
84 silly gunzTarPerm extractEntry lib/app/private/getHost.js
85 silly gunzTarPerm extractEntry lib/app/private/initialize.js
86 silly gunzTarPerm extractEntry lib/app/private/bootstrap.js
87 silly gunzTarPerm extractEntry lib/app/private/isLocalSailsValid.js
88 silly gunzTarPerm extractEntry lib/app/private/isSailsAppSync.js
89 silly gunzTarPerm extractEntry lib/app/private/loadHooks.js
90 silly gunzTarPerm extractEntry lib/app/private/toJSON.js
91 silly gunzTarPerm extractEntry lib/app/private/toString.js
92 silly gunzTarPerm extractEntry lib/app/private/inspect.js
93 silly gunzTarPerm extractEntry lib/hooks/README.md
94 silly gunzTarPerm extractEntry lib/hooks/index.js
95 silly gunzTarPerm extractEntry lib/hooks/controllers/README.md
96 silly gunzTarPerm extractEntry lib/hooks/controllers/index.js
97 silly gunzTarPerm extractEntry lib/hooks/controllers/onRoute.js
98 silly gunzTarPerm extractEntry lib/hooks/cors/index.js
99 silly gunzTarPerm extractEntry lib/hooks/csrf/index.js
100 silly gunzTarPerm extractEntry lib/hooks/grunt/grunt-wrapper.js
101 silly gunzTarPerm extractEntry lib/hooks/grunt/index.js
102 silly gunzTarPerm extractEntry lib/hooks/http/index.js
103 silly gunzTarPerm extractEntry lib/hooks/http/initialize.js
104 silly gunzTarPerm extractEntry lib/hooks/http/start.js
105 silly gunzTarPerm extractEntry lib/hooks/http/view.js
106 silly gunzTarPerm extractEntry lib/hooks/http/middleware/defaults.js
107 silly gunzTarPerm extractEntry lib/hooks/http/middleware/load.js
108 silly gunzTarPerm extractEntry lib/hooks/i18n/index.js
109 silly gunzTarPerm extractEntry lib/hooks/views/actions.js
110 silly gunzTarPerm extractEntry lib/hooks/views/configure.js
111 silly gunzTarPerm extractEntry lib/hooks/views/consolidate.js
112 silly gunzTarPerm extractEntry lib/hooks/views/defaults.js
113 silly gunzTarPerm extractEntry lib/hooks/views/index.js
114 silly gunzTarPerm extractEntry lib/hooks/views/layoutshim.js
115 silly gunzTarPerm extractEntry lib/hooks/views/onRoute.js
116 silly gunzTarPerm extractEntry lib/hooks/views/render.js
117 silly gunzTarPerm extractEntry lib/hooks/views/res.view.js
118 silly gunzTarPerm extractEntry lib/hooks/logger/index.js
119 silly gunzTarPerm extractEntry lib/hooks/logger/ship.js
120 silly gunzTarPerm extractEntry lib/hooks/blueprints/README.md
121 silly gunzTarPerm extractEntry lib/hooks/blueprints/actionUtil.js
122 silly gunzTarPerm extractEntry lib/hooks/blueprints/coercePK.js
123 silly gunzTarPerm extractEntry lib/hooks/blueprints/index.js
124 silly gunzTarPerm extractEntry lib/hooks/blueprints/jsonp.js
125 silly gunzTarPerm extractEntry lib/hooks/blueprints/onRoute.js
126 silly gunzTarPerm extractEntry lib/hooks/blueprints/actions/add.js
127 silly gunzTarPerm extractEntry lib/hooks/blueprints/actions/create.js
128 silly gunzTarPerm extractEntry lib/hooks/blueprints/actions/destroy.js
129 silly gunzTarPerm extractEntry lib/hooks/blueprints/actions/find.js
130 silly gunzTarPerm extractEntry lib/hooks/blueprints/actions/findOne.js
131 silly gunzTarPerm extractEntry lib/hooks/blueprints/actions/populate.js
132 silly gunzTarPerm extractEntry lib/hooks/blueprints/actions/remove.js
133 silly gunzTarPerm extractEntry lib/hooks/blueprints/actions/update.js
134 silly gunzTarPerm extractEntry lib/hooks/orm/build-orm.js
135 silly gunzTarPerm extractEntry lib/hooks/orm/index.js
136 silly gunzTarPerm extractEntry lib/hooks/orm/load-user-modules.js
137 silly gunzTarPerm extractEntry lib/hooks/orm/lookup-datastore.js
138 silly gunzTarPerm extractEntry lib/hooks/orm/normalize-model.js
139 silly gunzTarPerm extractEntry lib/hooks/orm/backwards-compatibility/upgrade-datastore.js
140 silly gunzTarPerm extractEntry lib/hooks/orm/backwards-compatibility/upgrade-model-definition.js
141 silly gunzTarPerm extractEntry lib/hooks/orm/backwards-compatibility/upgrade-sails.config.js
142 silly gunzTarPerm extractEntry lib/hooks/policies/README.md
143 silly gunzTarPerm extractEntry lib/hooks/policies/index.js
144 silly gunzTarPerm extractEntry lib/hooks/pubsub/README.md
145 silly gunzTarPerm extractEntry lib/hooks/pubsub/drink.js
146 silly gunzTarPerm extractEntry lib/hooks/pubsub/index.js
147 silly gunzTarPerm extractEntry lib/hooks/pubsub/spit.js
148 silly gunzTarPerm extractEntry lib/hooks/pubsub/squirt.js
149 silly gunzTarPerm extractEntry lib/hooks/request/README.md
150 silly gunzTarPerm extractEntry lib/hooks/request/index.js
151 silly gunzTarPerm extractEntry lib/hooks/request/locals.js
152 silly gunzTarPerm extractEntry lib/hooks/request/metadata.js
153 silly gunzTarPerm extractEntry lib/hooks/request/params.all.js
154 silly gunzTarPerm extractEntry lib/hooks/request/qualifiers.js
155 silly gunzTarPerm extractEntry lib/hooks/request/validate.js
156 silly gunzTarPerm extractEntry lib/hooks/responses/index.js
157 silly gunzTarPerm extractEntry lib/hooks/responses/onRoute.js
158 silly gunzTarPerm extractEntry lib/hooks/responses/defaults/badRequest.js
159 silly gunzTarPerm extractEntry lib/hooks/responses/defaults/created.js
160 silly gunzTarPerm extractEntry lib/hooks/responses/defaults/forbidden.js
161 silly gunzTarPerm extractEntry lib/hooks/responses/defaults/negotiate.js
162 silly gunzTarPerm extractEntry lib/hooks/responses/defaults/notFound.js
163 silly gunzTarPerm extractEntry lib/hooks/responses/defaults/ok.js
164 silly gunzTarPerm extractEntry lib/hooks/responses/defaults/serverError.js
165 silly gunzTarPerm extractEntry lib/hooks/services/index.js
166 silly gunzTarPerm extractEntry lib/hooks/session/README.md
167 silly gunzTarPerm extractEntry lib/hooks/session/generateSecret.js
168 silly gunzTarPerm extractEntry lib/hooks/session/index.js
169 silly gunzTarPerm extractEntry lib/hooks/userconfig/README.md
170 silly gunzTarPerm extractEntry lib/hooks/userconfig/index.js
171 silly gunzTarPerm extractEntry lib/hooks/userhooks/README.md
172 silly gunzTarPerm extractEntry lib/hooks/userhooks/index.js
173 silly gunzTarPerm extractEntry lib/hooks/moduleloader/README.md
174 silly gunzTarPerm extractEntry lib/hooks/moduleloader/index.js
175 silly gunzTarPerm extractEntry lib/router/README.md
176 silly gunzTarPerm extractEntry lib/router/bind.js
177 silly gunzTarPerm extractEntry lib/router/bindDefaultHandlers.js
178 silly gunzTarPerm extractEntry lib/router/index.js
179 silly gunzTarPerm extractEntry lib/router/req.js
180 silly gunzTarPerm extractEntry lib/router/res.js
181 verbose write writing to /root/npm-global/lib/node_modules/sails/package.json
182 info preinstall sails@0.11.0
183 verbose unsafe-perm in lifecycle false
184 info sails@0.11.0 Failed to exec preinstall script
185 verbose unlock done using /root/.npm/_locks/sails-208436ff1334f658.lock for /root/npm-global/lib/node_modules/sails
186 verbose stack Error: sails@0.11.0 preinstall: `node ./lib/preinstall_npmcheck.js`
186 verbose stack Exit status 1
186 verbose stack     at EventEmitter.<anonymous> (/usr/local/lib/node_modules/npm/lib/utils/lifecycle.js:213:16)
186 verbose stack     at EventEmitter.emit (events.js:112:17)
186 verbose stack     at ChildProcess.<anonymous> (/usr/local/lib/node_modules/npm/lib/utils/spawn.js:24:14)
186 verbose stack     at ChildProcess.emit (events.js:112:17)
186 verbose stack     at maybeClose (child_process.js:1017:16)
186 verbose stack     at Process.ChildProcess._handle.onexit (child_process.js:1089:5)
187 verbose pkgid sails@0.11.0
188 verbose cwd /home/thomas/git/install
189 error Linux 3.16.0-4-amd64
190 error argv "/usr/local/bin/node" "/usr/local/bin/npm" "install" "-g" "sails"
191 error node v0.13.0-pre
192 error npm  v2.11.3
193 error code ELIFECYCLE
194 error sails@0.11.0 preinstall: `node ./lib/preinstall_npmcheck.js`
194 error Exit status 1
195 error Failed at the sails@0.11.0 preinstall script 'node ./lib/preinstall_npmcheck.js'.
195 error This is most likely a problem with the sails package,
195 error not with npm itself.
195 error Tell the author that this fails on your system:
195 error     node ./lib/preinstall_npmcheck.js
195 error You can get their info via:
195 error     npm owner ls sails
195 error There is likely additional logging output above.
196 verbose exit [ 1, true ]
197 verbose unbuild lib/node_modules/sails
198 info preuninstall sails@0.11.0
199 info uninstall sails@0.11.0
200 verbose unbuild rmStuff sails@0.11.0 from /root/npm-global/lib/node_modules
201 silly gentlyRm /root/npm-global/bin/sails is being gently removed
202 silly gentlyRm verifying /root/npm-global is an npm working directory
203 silly gentlyRm containing path /root/npm-global is under npm's control, in /root/npm-global
204 silly gentlyRm deletion target /root/npm-global/bin/sails is under /root/npm-global
205 verbose gentlyRm vacuuming from /root/npm-global/bin/sails up to /root/npm-global
206 info postuninstall sails@0.11.0
207 silly gentlyRm /root/npm-global/lib/node_modules/sails is being purged from base /root/npm-global
208 verbose gentlyRm don't care about contents; nuking /root/npm-global/lib/node_modules/sails
209 silly vacuum-fs purging /root/npm-global/lib/node_modules/sails
210 silly vacuum-fs quitting because other entries in /root/npm-global/lib/node_modules
